This file contains any messages produced by compilers while
running configure, to aid debugging if configure makes a mistake.

It was created by configure, which was
generated by GNU Autoconf 2.59.  Invocation command line was

  $ ./configure --x-includes=/usr/local/include

## --------- ##
## Platform. ##
## --------- ##

hostname = pc630177.i.ttck.keio.ac.jp
uname -m = x86_64
uname -r = 12.2.0
uname -s = Darwin
uname -v = Darwin Kernel Version 12.2.0: Sat Aug 25 00:48:52 PDT 2012; root:xnu-2050.18.24~1/RELEASE_X86_64

/usr/bin/uname -p = i386
/bin/uname -X     = unknown

/bin/arch              = unknown
/usr/bin/arch -k       = unknown
/usr/convex/getsysinfo = unknown
hostinfo               = Mach kernel version:
	 Darwin Kernel Version 12.2.0: Sat Aug 25 00:48:52 PDT 2012; root:xnu-2050.18.24~1/RELEASE_X86_64
Kernel configured for up to 8 processors.
4 processors are physically available.
8 processors are logically available.
Processor type: i486 (Intel 80486)
Processors active: 0 1 2 3 4 5 6 7
Primary memory available: 8.00 gigabytes
Default processor set: 142 tasks, 661 threads, 8 processors
Load average: 1.64, Mach factor: 6.34
/bin/machine           = unknown
/usr/bin/oslevel       = unknown
/bin/universe          = unknown

PATH: /Users/kotone/perl5/perlbrew/bin
PATH: /Users/kotone/perl5/perlbrew/perls/perl-5.8.9/bin
PATH: /usr/bin
PATH: /bin
PATH: /usr/sbin
PATH: /sbin
PATH: /usr/local/bin
PATH: /opt/X11/bin
PATH: /usr/local/bin
PATH: /Users/kotone/usr/local/bin
PATH: /Users/kotone/usr/emblocal/bin


## ----------- ##
## Core tests. ##
## ----------- ##

configure:1555: checking for a BSD-compatible install
configure:1610: result: /usr/bin/install -c
configure:1621: checking whether build environment is sane
configure:1664: result: yes
configure:1697: checking for gawk
configure:1726: result: no
configure:1697: checking for mawk
configure:1726: result: no
configure:1697: checking for nawk
configure:1726: result: no
configure:1697: checking for awk
configure:1713: found /usr/bin/awk
configure:1723: result: awk
configure:1733: checking whether make sets $(MAKE)
configure:1753: result: yes
configure:1963: checking for gcc
configure:1979: found /usr/bin/gcc
configure:1989: result: gcc
configure:2233: checking for C compiler version
configure:2236: gcc --version </dev/null >&5
i686-apple-darwin11-llvm-gcc-4.2 (GCC) 4.2.1 (Based on Apple Inc. build 5658) (LLVM build 2336.11.00)
Copyright (C) 2007 Free Software Foundation, Inc.
This is free software; see the source for copying conditions.  There is NO
warranty; not even for MERCHANTABILITY or FITNESS FOR A PARTICULAR PURPOSE.

configure:2239: $? = 0
configure:2241: gcc -v </dev/null >&5
Using built-in specs.
Target: i686-apple-darwin11
Configured with: /private/var/tmp/llvmgcc42/llvmgcc42-2336.11~28/src/configure --disable-checking --enable-werror --prefix=/Applications/Xcode.app/Contents/Developer/usr/llvm-gcc-4.2 --mandir=/share/man --enable-languages=c,objc,c++,obj-c++ --program-prefix=llvm- --program-transform-name=/^[cg][^.-]*$/s/$/-4.2/ --with-slibdir=/usr/lib --build=i686-apple-darwin11 --enable-llvm=/private/var/tmp/llvmgcc42/llvmgcc42-2336.11~28/dst-llvmCore/Developer/usr/local --program-prefix=i686-apple-darwin11- --host=x86_64-apple-darwin11 --target=i686-apple-darwin11 --with-gxx-include-dir=/usr/include/c++/4.2.1
Thread model: posix
gcc version 4.2.1 (Based on Apple Inc. build 5658) (LLVM build 2336.11.00)
configure:2244: $? = 0
configure:2246: gcc -V </dev/null >&5
llvm-gcc-4.2: argument to `-V' is missing
configure:2249: $? = 1
configure:2272: checking for C compiler default output file name
configure:2275: gcc    conftest.c  >&5
configure:2278: $? = 0
configure:2324: result: a.out
configure:2329: checking whether the C compiler works
configure:2335: ./a.out
configure:2338: $? = 0
configure:2355: result: yes
configure:2362: checking whether we are cross compiling
configure:2364: result: no
configure:2367: checking for suffix of executables
configure:2369: gcc -o conftest    conftest.c  >&5
configure:2372: $? = 0
configure:2397: result: 
configure:2403: checking for suffix of object files
configure:2424: gcc -c   conftest.c >&5
configure:2427: $? = 0
configure:2449: result: o
configure:2453: checking whether we are using the GNU C compiler
configure:2477: gcc -c   conftest.c >&5
configure:2483: $? = 0
configure:2486: test -z 			 || test ! -s conftest.err
configure:2489: $? = 0
configure:2492: test -s conftest.o
configure:2495: $? = 0
configure:2508: result: yes
configure:2514: checking whether gcc accepts -g
configure:2535: gcc -c -g  conftest.c >&5
configure:2541: $? = 0
configure:2544: test -z 			 || test ! -s conftest.err
configure:2547: $? = 0
configure:2550: test -s conftest.o
configure:2553: $? = 0
configure:2564: result: yes
configure:2581: checking for gcc option to accept ANSI C
configure:2651: gcc  -c -g -O2  conftest.c >&5
configure:2657: $? = 0
configure:2660: test -z 			 || test ! -s conftest.err
configure:2663: $? = 0
configure:2666: test -s conftest.o
configure:2669: $? = 0
configure:2687: result: none needed
configure:2705: gcc -c -g -O2  conftest.c >&5
conftest.c:2: error: expected '=', ',', ';', 'asm' or '__attribute__' before 'me'
configure:2711: $? = 1
configure: failed program was:
| #ifndef __cplusplus
|   choke me
| #endif
configure:2852: checking for style of include used by make
configure:2880: result: GNU
configure:2908: checking dependency style of gcc
configure:2991: result: gcc3
configure:3086: checking build system type
configure:3104: result: i686-apple-darwin12.2.0
configure:3112: checking host system type
configure:3126: result: i686-apple-darwin12.2.0
configure:3134: checking for a sed that does not truncate output
configure:3188: result: /usr/bin/sed
configure:3191: checking for egrep
configure:3201: result: grep -E
configure:3217: checking for ld used by gcc
configure:3284: result: /usr/llvm-gcc-4.2/libexec/gcc/i686-apple-darwin11/4.2.1/ld
configure:3293: checking if the linker (/usr/llvm-gcc-4.2/libexec/gcc/i686-apple-darwin11/4.2.1/ld) is GNU ld
configure:3308: result: no
configure:3313: checking for /usr/llvm-gcc-4.2/libexec/gcc/i686-apple-darwin11/4.2.1/ld option to reload object files
configure:3320: result: -r
configure:3329: checking for BSD-compatible nm
configure:3371: result: /usr/bin/nm
configure:3375: checking whether ln -s works
configure:3379: result: yes
configure:3386: checking how to recognise dependent libraries
configure:3560: result: pass_all
configure:3773: checking how to run the C preprocessor
configure:3808: gcc -E  conftest.c
configure:3814: $? = 0
configure:3846: gcc -E  conftest.c
conftest.c:11:28: error: ac_nonexistent.h: No such file or directory
configure:3852: $? = 1
configure: failed program was:
| /* confdefs.h.  */
| 
| #define PACKAGE_NAME ""
| #define PACKAGE_TARNAME ""
| #define PACKAGE_VERSION ""
| #define PACKAGE_STRING ""
| #define PACKAGE_BUGREPORT ""
| #define PACKAGE "imlib"
| #define VERSION "1.9.15"
| /* end confdefs.h.  */
| #include <ac_nonexistent.h>
configure:3891: result: gcc -E
configure:3915: gcc -E  conftest.c
configure:3921: $? = 0
configure:3953: gcc -E  conftest.c
conftest.c:11:28: error: ac_nonexistent.h: No such file or directory
configure:3959: $? = 1
configure: failed program was:
| /* confdefs.h.  */
| 
| #define PACKAGE_NAME ""
| #define PACKAGE_TARNAME ""
| #define PACKAGE_VERSION ""
| #define PACKAGE_STRING ""
| #define PACKAGE_BUGREPORT ""
| #define PACKAGE "imlib"
| #define VERSION "1.9.15"
| /* end confdefs.h.  */
| #include <ac_nonexistent.h>
configure:4003: checking for ANSI C header files
configure:4028: gcc -c -g -O2  conftest.c >&5
configure:4034: $? = 0
configure:4037: test -z 			 || test ! -s conftest.err
configure:4040: $? = 0
configure:4043: test -s conftest.o
configure:4046: $? = 0
configure:4135: gcc -o conftest -g -O2   conftest.c  >&5
conftest.c: In function 'main':
conftest.c:28: warning: incompatible implicit declaration of built-in function 'exit'
configure:4138: $? = 0
configure:4140: ./conftest
configure:4143: $? = 0
configure:4158: result: yes
configure:4182: checking for sys/types.h
configure:4198: gcc -c -g -O2  conftest.c >&5
configure:4204: $? = 0
configure:4207: test -z 			 || test ! -s conftest.err
configure:4210: $? = 0
configure:4213: test -s conftest.o
configure:4216: $? = 0
configure:4227: result: yes
configure:4182: checking for sys/stat.h
configure:4198: gcc -c -g -O2  conftest.c >&5
configure:4204: $? = 0
configure:4207: test -z 			 || test ! -s conftest.err
configure:4210: $? = 0
configure:4213: test -s conftest.o
configure:4216: $? = 0
configure:4227: result: yes
configure:4182: checking for stdlib.h
configure:4198: gcc -c -g -O2  conftest.c >&5
configure:4204: $? = 0
configure:4207: test -z 			 || test ! -s conftest.err
configure:4210: $? = 0
configure:4213: test -s conftest.o
configure:4216: $? = 0
configure:4227: result: yes
configure:4182: checking for string.h
configure:4198: gcc -c -g -O2  conftest.c >&5
configure:4204: $? = 0
configure:4207: test -z 			 || test ! -s conftest.err
configure:4210: $? = 0
configure:4213: test -s conftest.o
configure:4216: $? = 0
configure:4227: result: yes
configure:4182: checking for memory.h
configure:4198: gcc -c -g -O2  conftest.c >&5
configure:4204: $? = 0
configure:4207: test -z 			 || test ! -s conftest.err
configure:4210: $? = 0
configure:4213: test -s conftest.o
configure:4216: $? = 0
configure:4227: result: yes
configure:4182: checking for strings.h
configure:4198: gcc -c -g -O2  conftest.c >&5
configure:4204: $? = 0
configure:4207: test -z 			 || test ! -s conftest.err
configure:4210: $? = 0
configure:4213: test -s conftest.o
configure:4216: $? = 0
configure:4227: result: yes
configure:4182: checking for inttypes.h
configure:4198: gcc -c -g -O2  conftest.c >&5
configure:4204: $? = 0
configure:4207: test -z 			 || test ! -s conftest.err
configure:4210: $? = 0
configure:4213: test -s conftest.o
configure:4216: $? = 0
configure:4227: result: yes
configure:4182: checking for stdint.h
configure:4198: gcc -c -g -O2  conftest.c >&5
configure:4204: $? = 0
configure:4207: test -z 			 || test ! -s conftest.err
configure:4210: $? = 0
configure:4213: test -s conftest.o
configure:4216: $? = 0
configure:4227: result: yes
configure:4182: checking for unistd.h
configure:4198: gcc -c -g -O2  conftest.c >&5
configure:4204: $? = 0
configure:4207: test -z 			 || test ! -s conftest.err
configure:4210: $? = 0
configure:4213: test -s conftest.o
configure:4216: $? = 0
configure:4227: result: yes
configure:4253: checking dlfcn.h usability
configure:4265: gcc -c -g -O2  conftest.c >&5
configure:4271: $? = 0
configure:4274: test -z 			 || test ! -s conftest.err
configure:4277: $? = 0
configure:4280: test -s conftest.o
configure:4283: $? = 0
configure:4293: result: yes
configure:4297: checking dlfcn.h presence
configure:4307: gcc -E  conftest.c
configure:4313: $? = 0
configure:4333: result: yes
configure:4368: checking for dlfcn.h
configure:4375: result: yes
configure:4440: checking for g++
configure:4456: found /usr/bin/g++
configure:4466: result: g++
configure:4482: checking for C++ compiler version
configure:4485: g++ --version </dev/null >&5
i686-apple-darwin11-llvm-g++-4.2 (GCC) 4.2.1 (Based on Apple Inc. build 5658) (LLVM build 2336.11.00)
Copyright (C) 2007 Free Software Foundation, Inc.
This is free software; see the source for copying conditions.  There is NO
warranty; not even for MERCHANTABILITY or FITNESS FOR A PARTICULAR PURPOSE.

configure:4488: $? = 0
configure:4490: g++ -v </dev/null >&5
Using built-in specs.
Target: i686-apple-darwin11
Configured with: /private/var/tmp/llvmgcc42/llvmgcc42-2336.11~28/src/configure --disable-checking --enable-werror --prefix=/Applications/Xcode.app/Contents/Developer/usr/llvm-gcc-4.2 --mandir=/share/man --enable-languages=c,objc,c++,obj-c++ --program-prefix=llvm- --program-transform-name=/^[cg][^.-]*$/s/$/-4.2/ --with-slibdir=/usr/lib --build=i686-apple-darwin11 --enable-llvm=/private/var/tmp/llvmgcc42/llvmgcc42-2336.11~28/dst-llvmCore/Developer/usr/local --program-prefix=i686-apple-darwin11- --host=x86_64-apple-darwin11 --target=i686-apple-darwin11 --with-gxx-include-dir=/usr/include/c++/4.2.1
Thread model: posix
gcc version 4.2.1 (Based on Apple Inc. build 5658) (LLVM build 2336.11.00)
configure:4493: $? = 0
configure:4495: g++ -V </dev/null >&5
llvm-g++-4.2: argument to `-V' is missing
configure:4498: $? = 1
configure:4501: checking whether we are using the GNU C++ compiler
configure:4525: g++ -c   conftest.cc >&5
configure:4531: $? = 0
configure:4534: test -z 			 || test ! -s conftest.err
configure:4537: $? = 0
configure:4540: test -s conftest.o
configure:4543: $? = 0
configure:4556: result: yes
configure:4562: checking whether g++ accepts -g
configure:4583: g++ -c -g  conftest.cc >&5
configure:4589: $? = 0
configure:4592: test -z 			 || test ! -s conftest.err
configure:4595: $? = 0
configure:4598: test -s conftest.o
configure:4601: $? = 0
configure:4612: result: yes
configure:4654: g++ -c -g -O2  conftest.cc >&5
configure:4660: $? = 0
configure:4663: test -z 			 || test ! -s conftest.err
configure:4666: $? = 0
configure:4669: test -s conftest.o
configure:4672: $? = 0
configure:4698: g++ -c -g -O2  conftest.cc >&5
conftest.cc: In function 'int main()':
conftest.cc:26: error: 'exit' was not declared in this scope
configure:4704: $? = 1
configure: failed program was:
| /* confdefs.h.  */
| 
| #define PACKAGE_NAME ""
| #define PACKAGE_TARNAME ""
| #define PACKAGE_VERSION ""
| #define PACKAGE_STRING ""
| #define PACKAGE_BUGREPORT ""
| #define PACKAGE "imlib"
| #define VERSION "1.9.15"
| #define STDC_HEADERS 1
| #define HAVE_SYS_TYPES_H 1
| #define HAVE_SYS_STAT_H 1
| #define HAVE_STDLIB_H 1
| #define HAVE_STRING_H 1
| #define HAVE_MEMORY_H 1
| #define HAVE_STRINGS_H 1
| #define HAVE_INTTYPES_H 1
| #define HAVE_STDINT_H 1
| #define HAVE_UNISTD_H 1
| #define HAVE_DLFCN_H 1
| /* end confdefs.h.  */
| 
| int
| main ()
| {
| exit (42);
|   ;
|   return 0;
| }
configure:4654: g++ -c -g -O2  conftest.cc >&5
conftest.cc:22: error: 'void std::exit(int)' should have been declared inside 'std'
In file included from conftest.cc:23:
/usr/include/stdlib.h:159: error: declaration of 'void std::exit(int)' throws different exceptions
conftest.cc:22: error: from previous declaration 'void std::exit(int) throw ()'
configure:4660: $? = 1
configure: failed program was:
| /* confdefs.h.  */
| 
| #define PACKAGE_NAME ""
| #define PACKAGE_TARNAME ""
| #define PACKAGE_VERSION ""
| #define PACKAGE_STRING ""
| #define PACKAGE_BUGREPORT ""
| #define PACKAGE "imlib"
| #define VERSION "1.9.15"
| #define STDC_HEADERS 1
| #define HAVE_SYS_TYPES_H 1
| #define HAVE_SYS_STAT_H 1
| #define HAVE_STDLIB_H 1
| #define HAVE_STRING_H 1
| #define HAVE_MEMORY_H 1
| #define HAVE_STRINGS_H 1
| #define HAVE_INTTYPES_H 1
| #define HAVE_STDINT_H 1
| #define HAVE_UNISTD_H 1
| #define HAVE_DLFCN_H 1
| /* end confdefs.h.  */
| extern "C" void std::exit (int) throw (); using std::exit;
| #include <stdlib.h>
| int
| main ()
| {
| exit (42);
|   ;
|   return 0;
| }
configure:4654: g++ -c -g -O2  conftest.cc >&5
conftest.cc:22: error: 'void std::exit(int)' should have been declared inside 'std'
configure:4660: $? = 1
configure: failed program was:
| /* confdefs.h.  */
| 
| #define PACKAGE_NAME ""
| #define PACKAGE_TARNAME ""
| #define PACKAGE_VERSION ""
| #define PACKAGE_STRING ""
| #define PACKAGE_BUGREPORT ""
| #define PACKAGE "imlib"
| #define VERSION "1.9.15"
| #define STDC_HEADERS 1
| #define HAVE_SYS_TYPES_H 1
| #define HAVE_SYS_STAT_H 1
| #define HAVE_STDLIB_H 1
| #define HAVE_STRING_H 1
| #define HAVE_MEMORY_H 1
| #define HAVE_STRINGS_H 1
| #define HAVE_INTTYPES_H 1
| #define HAVE_STDINT_H 1
| #define HAVE_UNISTD_H 1
| #define HAVE_DLFCN_H 1
| /* end confdefs.h.  */
| extern "C" void std::exit (int); using std::exit;
| #include <stdlib.h>
| int
| main ()
| {
| exit (42);
|   ;
|   return 0;
| }
configure:4654: g++ -c -g -O2  conftest.cc >&5
In file included from conftest.cc:23:
/usr/include/stdlib.h:159: error: declaration of 'void exit(int)' throws different exceptions
conftest.cc:22: error: from previous declaration 'void exit(int) throw ()'
configure:4660: $? = 1
configure: failed program was:
| /* confdefs.h.  */
| 
| #define PACKAGE_NAME ""
| #define PACKAGE_TARNAME ""
| #define PACKAGE_VERSION ""
| #define PACKAGE_STRING ""
| #define PACKAGE_BUGREPORT ""
| #define PACKAGE "imlib"
| #define VERSION "1.9.15"
| #define STDC_HEADERS 1
| #define HAVE_SYS_TYPES_H 1
| #define HAVE_SYS_STAT_H 1
| #define HAVE_STDLIB_H 1
| #define HAVE_STRING_H 1
| #define HAVE_MEMORY_H 1
| #define HAVE_STRINGS_H 1
| #define HAVE_INTTYPES_H 1
| #define HAVE_STDINT_H 1
| #define HAVE_UNISTD_H 1
| #define HAVE_DLFCN_H 1
| /* end confdefs.h.  */
| extern "C" void exit (int) throw ();
| #include <stdlib.h>
| int
| main ()
| {
| exit (42);
|   ;
|   return 0;
| }
configure:4654: g++ -c -g -O2  conftest.cc >&5
configure:4660: $? = 0
configure:4663: test -z 			 || test ! -s conftest.err
configure:4666: $? = 0
configure:4669: test -s conftest.o
configure:4672: $? = 0
configure:4698: g++ -c -g -O2  conftest.cc >&5
configure:4704: $? = 0
configure:4707: test -z 			 || test ! -s conftest.err
configure:4710: $? = 0
configure:4713: test -s conftest.o
configure:4716: $? = 0
configure:4741: checking dependency style of g++
configure:4824: result: gcc3
configure:4846: checking how to run the C++ preprocessor
configure:4877: g++ -E  conftest.cc
configure:4883: $? = 0
configure:4915: g++ -E  conftest.cc
conftest.cc:25:28: error: ac_nonexistent.h: No such file or directory
configure:4921: $? = 1
configure: failed program was:
| /* confdefs.h.  */
| 
| #define PACKAGE_NAME ""
| #define PACKAGE_TARNAME ""
| #define PACKAGE_VERSION ""
| #define PACKAGE_STRING ""
| #define PACKAGE_BUGREPORT ""
| #define PACKAGE "imlib"
| #define VERSION "1.9.15"
| #define STDC_HEADERS 1
| #define HAVE_SYS_TYPES_H 1
| #define HAVE_SYS_STAT_H 1
| #define HAVE_STDLIB_H 1
| #define HAVE_STRING_H 1
| #define HAVE_MEMORY_H 1
| #define HAVE_STRINGS_H 1
| #define HAVE_INTTYPES_H 1
| #define HAVE_STDINT_H 1
| #define HAVE_UNISTD_H 1
| #define HAVE_DLFCN_H 1
| #ifdef __cplusplus
| extern "C" void exit (int);
| #endif
| /* end confdefs.h.  */
| #include <ac_nonexistent.h>
configure:4960: result: g++ -E
configure:4984: g++ -E  conftest.cc
configure:4990: $? = 0
configure:5022: g++ -E  conftest.cc
conftest.cc:25:28: error: ac_nonexistent.h: No such file or directory
configure:5028: $? = 1
configure: failed program was:
| /* confdefs.h.  */
| 
| #define PACKAGE_NAME ""
| #define PACKAGE_TARNAME ""
| #define PACKAGE_VERSION ""
| #define PACKAGE_STRING ""
| #define PACKAGE_BUGREPORT ""
| #define PACKAGE "imlib"
| #define VERSION "1.9.15"
| #define STDC_HEADERS 1
| #define HAVE_SYS_TYPES_H 1
| #define HAVE_SYS_STAT_H 1
| #define HAVE_STDLIB_H 1
| #define HAVE_STRING_H 1
| #define HAVE_MEMORY_H 1
| #define HAVE_STRINGS_H 1
| #define HAVE_INTTYPES_H 1
| #define HAVE_STDINT_H 1
| #define HAVE_UNISTD_H 1
| #define HAVE_DLFCN_H 1
| #ifdef __cplusplus
| extern "C" void exit (int);
| #endif
| /* end confdefs.h.  */
| #include <ac_nonexistent.h>
configure:5123: checking for g77
configure:5152: result: no
configure:5123: checking for f77
configure:5152: result: no
configure:5123: checking for xlf
configure:5152: result: no
configure:5123: checking for frt
configure:5152: result: no
configure:5123: checking for pgf77
configure:5152: result: no
configure:5123: checking for fort77
configure:5152: result: no
configure:5123: checking for fl32
configure:5152: result: no
configure:5123: checking for af77
configure:5152: result: no
configure:5123: checking for f90
configure:5152: result: no
configure:5123: checking for xlf90
configure:5152: result: no
configure:5123: checking for pgf90
configure:5152: result: no
configure:5123: checking for epcf90
configure:5152: result: no
configure:5123: checking for f95
configure:5152: result: no
configure:5123: checking for fort
configure:5152: result: no
configure:5123: checking for xlf95
configure:5152: result: no
configure:5123: checking for ifc
configure:5152: result: no
configure:5123: checking for efc
configure:5152: result: no
configure:5123: checking for pgf95
configure:5152: result: no
configure:5123: checking for lf95
configure:5152: result: no
configure:5123: checking for gfortran
configure:5139: found /usr/local/bin/gfortran
configure:5149: result: gfortran
configure:5164: checking for Fortran 77 compiler version
configure:5167: gfortran --version </dev/null >&5
GNU Fortran (GCC) 4.2.1 (Apple Inc. build 5666) (dot 3)
Copyright (C) 2007 Free Software Foundation, Inc.

GNU Fortran comes with NO WARRANTY, to the extent permitted by law.
You may redistribute copies of GNU Fortran
under the terms of the GNU General Public License.
For more information about these matters, see the file named COPYING

configure:5170: $? = 0
configure:5172: gfortran -v </dev/null >&5
Using built-in specs.
Target: i686-apple-darwin11
Configured with: /Volumes/Media/Builds/gcc-5666.3/build/obj/src/configure --disable-checking --prefix=/usr --mandir=/share/man --enable-languages=c,objc,c++,obj-c++,fortran --program-transform-name=/^[cg][^.-]*$/s/$/-4.2/ --with-slibdir=/usr/lib --build=i686-apple-darwin11 --program-prefix=i686-apple-darwin11- --host=x86_64-apple-darwin11 --target=i686-apple-darwin11 --with-gxx-include-dir=/include/c++/4.2.1
Thread model: posix
gcc version 4.2.1 (Apple Inc. build 5666) (dot 3)
configure:5175: $? = 0
configure:5177: gfortran -V </dev/null >&5
gfortran: argument to `-V' is missing
configure:5180: $? = 1
configure:5188: checking whether we are using the GNU Fortran 77 compiler
configure:5202: gfortran -c  conftest.F >&5
configure:5208: $? = 0
configure:5211: test -z 			 || test ! -s conftest.err
configure:5214: $? = 0
configure:5217: test -s conftest.o
configure:5220: $? = 0
configure:5233: result: yes
configure:5239: checking whether gfortran accepts -g
configure:5251: gfortran -c -g conftest.f >&5
configure:5257: $? = 0
configure:5260: test -z 			 || test ! -s conftest.err
configure:5263: $? = 0
configure:5266: test -s conftest.o
configure:5269: $? = 0
configure:5281: result: yes
configure:5311: checking the maximum length of command line arguments
configure:5376: result: 65536
configure:5387: checking command to parse /usr/bin/nm output from gcc object
configure:5476: gcc -c -g -O2  conftest.c >&5
configure:5479: $? = 0
configure:5483: /usr/bin/nm conftest.o \| sed -n -e 's/^.*[ 	]\([BCDEGRST][BCDEGRST]*\)[ 	][ 	]*\(\)\([_A-Za-z][_A-Za-z0-9]*\)$/\1 \2\3 \3/p' \> conftest.nm
configure:5486: $? = 0
cannot find nm_test_var in conftest.nm
configure:5476: gcc -c -g -O2  conftest.c >&5
configure:5479: $? = 0
configure:5483: /usr/bin/nm conftest.o \| sed -n -e 's/^.*[ 	]\([BCDEGRST][BCDEGRST]*\)[ 	][ 	]*\(_\)\([_A-Za-z][_A-Za-z0-9]*\)$/\1 \2\3 \3/p' \> conftest.nm
configure:5486: $? = 0
configure:5538: gcc -o conftest -g -O2   conftest.c conftstm.o >&5
configure:5541: $? = 0
configure:5579: result: ok
configure:5583: checking for objdir
configure:5598: result: .libs
configure:5688: checking for ar
configure:5704: found /usr/bin/ar
configure:5715: result: ar
configure:5768: checking for ranlib
configure:5784: found /usr/bin/ranlib
configure:5795: result: ranlib
configure:5848: checking for strip
configure:5864: found /usr/bin/strip
configure:5875: result: strip
configure:6137: checking if gcc static flag  works
configure:6160: result: yes
configure:6178: checking if gcc supports -fno-rtti -fno-exceptions
configure:6196: gcc -c -g -O2  -fno-rtti -fno-exceptions conftest.c >&5
cc1: warning: command line option "-fno-rtti" is valid for C++/ObjC++ but not for C
configure:6200: $? = 0
configure:6211: result: no
configure:6226: checking for gcc option to produce PIC
configure:6403: result: -fno-common
configure:6411: checking if gcc PIC flag -fno-common works
configure:6429: gcc -c -g -O2  -fno-common -DPIC conftest.c >&5
configure:6433: $? = 0
configure:6444: result: yes
configure:6468: checking if gcc supports -c -o file.o
configure:6489: gcc -c -g -O2  -o out/conftest2.o conftest.c >&5
configure:6493: $? = 0
configure:6513: result: yes
configure:6539: checking whether the gcc linker (/usr/llvm-gcc-4.2/libexec/gcc/i686-apple-darwin11/4.2.1/ld) supports shared libraries
configure:7386: result: yes
configure:7457: checking dynamic linker characteristics
configure:8009: result: darwin12.2.0 dyld
configure:8013: checking how to hardcode library paths into programs
configure:8038: result: immediate
configure:8052: checking whether stripping libraries is possible
configure:8065: result: yes
configure:8880: checking if libtool supports shared libraries
configure:8882: result: yes
configure:8885: checking whether to build shared libraries
configure:8943: result: yes
configure:8946: checking whether to build static libraries
configure:8950: result: yes
configure:9042: creating libtool
configure:9589: checking for ld used by g++
configure:9656: result: /usr/llvm-gcc-4.2/libexec/gcc/i686-apple-darwin11/4.2.1/ld
configure:9665: checking if the linker (/usr/llvm-gcc-4.2/libexec/gcc/i686-apple-darwin11/4.2.1/ld) is GNU ld
configure:9680: result: no
configure:9731: checking whether the g++ linker (/usr/llvm-gcc-4.2/libexec/gcc/i686-apple-darwin11/4.2.1/ld) supports shared libraries
configure:10557: result: yes
configure:10575: g++ -c -g -O2  conftest.cc >&5
configure:10578: $? = 0
configure:10674: checking for g++ option to produce PIC
configure:10926: result: -fno-common
configure:10934: checking if g++ PIC flag -fno-common works
configure:10952: g++ -c -g -O2  -fno-common -DPIC conftest.cc >&5
configure:10956: $? = 0
configure:10967: result: yes
configure:10991: checking if g++ supports -c -o file.o
configure:11012: g++ -c -g -O2  -o out/conftest2.o conftest.cc >&5
configure:11016: $? = 0
configure:11036: result: yes
configure:11062: checking whether the g++ linker (/usr/llvm-gcc-4.2/libexec/gcc/i686-apple-darwin11/4.2.1/ld) supports shared libraries
configure:11090: result: yes
configure:11161: checking dynamic linker characteristics
configure:11713: result: darwin12.2.0 dyld
configure:11717: checking how to hardcode library paths into programs
configure:11742: result: immediate
configure:11756: checking whether stripping libraries is possible
configure:11769: result: yes
configure:13061: checking if libtool supports shared libraries
configure:13063: result: yes
configure:13066: checking whether to build shared libraries
configure:13084: result: yes
configure:13087: checking whether to build static libraries
configure:13091: result: yes
configure:13103: checking for gfortran option to produce PIC
configure:13280: result: -fno-common
configure:13288: checking if gfortran PIC flag -fno-common works
configure:13306: gfortran -c -g -O2 -fno-common conftest.f >&5
configure:13310: $? = 0
configure:13321: result: yes
configure:13345: checking if gfortran supports -c -o file.o
configure:13366: gfortran -c -g -O2 -o out/conftest2.o conftest.f >&5
configure:13370: $? = 0
configure:13390: result: yes
configure:13416: checking whether the gfortran linker (/usr/llvm-gcc-4.2/libexec/gcc/i686-apple-darwin11/4.2.1/ld) supports shared libraries
configure:14243: result: yes
configure:14314: checking dynamic linker characteristics
configure:14866: result: darwin12.2.0 dyld
configure:14870: checking how to hardcode library paths into programs
configure:14895: result: immediate
configure:14909: checking whether stripping libraries is possible
configure:14922: result: yes
configure:19005: checking whether to enable maintainer-specific portions of Makefiles
configure:19014: result: no
configure:19086: checking for gtk-config
configure:19117: result: no
configure:19125: checking for GTK - version >= 1.2.1
configure:19262: result: no
configure:19348: WARNING: *** gdk_imlib will not be built ***
configure:19356: checking whether to build gmodulized imlib
configure:19376: result: yes
configure:19478: checking for ANSI C header files
configure:19633: result: yes
configure:19651: checking for dirent.h that defines DIR
configure:19675: gcc -c -g -O2  conftest.c >&5
configure:19681: $? = 0
configure:19684: test -z 			 || test ! -s conftest.err
configure:19687: $? = 0
configure:19690: test -s conftest.o
configure:19693: $? = 0
configure:19704: result: yes
configure:19717: checking for library containing opendir
configure:19747: gcc -o conftest -g -O2   conftest.c  >&5
configure:19753: $? = 0
configure:19756: test -z 			 || test ! -s conftest.err
configure:19759: $? = 0
configure:19762: test -s conftest
configure:19765: $? = 0
configure:19834: result: none required
configure:19968: checking for sys/wait.h that is POSIX.1 compatible
configure:19999: gcc -c -g -O2  conftest.c >&5
configure:20005: $? = 0
configure:20008: test -z 			 || test ! -s conftest.err
configure:20011: $? = 0
configure:20014: test -s conftest.o
configure:20017: $? = 0
configure:20028: result: yes
configure:20039: checking return type of signal handlers
configure:20070: gcc -c -g -O2  conftest.c >&5
configure:20076: $? = 0
configure:20079: test -z 			 || test ! -s conftest.err
configure:20082: $? = 0
configure:20085: test -s conftest.o
configure:20088: $? = 0
configure:20099: result: void
configure:20112: checking for vsnprintf
configure:20169: gcc -o conftest -g -O2   conftest.c  >&5
conftest.c:53: warning: conflicting types for built-in function 'vsnprintf'
configure:20175: $? = 0
configure:20178: test -z 			 || test ! -s conftest.err
configure:20181: $? = 0
configure:20184: test -s conftest
configure:20187: $? = 0
configure:20199: result: yes
configure:20213: checking for snprintf
configure:20270: gcc -o conftest -g -O2   conftest.c  >&5
conftest.c:54: warning: conflicting types for built-in function 'snprintf'
configure:20276: $? = 0
configure:20279: test -z 			 || test ! -s conftest.err
configure:20282: $? = 0
configure:20285: test -s conftest
configure:20288: $? = 0
configure:20300: result: yes
configure:20314: checking for basename
configure:20371: gcc -o conftest -g -O2   conftest.c  >&5
configure:20377: $? = 0
configure:20380: test -z 			 || test ! -s conftest.err
configure:20383: $? = 0
configure:20386: test -s conftest
configure:20389: $? = 0
configure:20401: result: yes
configure:20416: checking for blumfrub
configure:20473: gcc -o conftest -g -O2   conftest.c  >&5
Undefined symbols for architecture x86_64:
  "_blumfrub", referenced from:
      _main in ccwuOqHf.o
      _f in ccwuOqHf.o
ld: symbol(s) not found for architecture x86_64
collect2: ld returned 1 exit status
configure:20479: $? = 1
configure: failed program was:
| /* confdefs.h.  */
| 
| #define PACKAGE_NAME ""
| #define PACKAGE_TARNAME ""
| #define PACKAGE_VERSION ""
| #define PACKAGE_STRING ""
| #define PACKAGE_BUGREPORT ""
| #define PACKAGE "imlib"
| #define VERSION "1.9.15"
| #define STDC_HEADERS 1
| #define HAVE_SYS_TYPES_H 1
| #define HAVE_SYS_STAT_H 1
| #define HAVE_STDLIB_H 1
| #define HAVE_STRING_H 1
| #define HAVE_MEMORY_H 1
| #define HAVE_STRINGS_H 1
| #define HAVE_INTTYPES_H 1
| #define HAVE_STDINT_H 1
| #define HAVE_UNISTD_H 1
| #define HAVE_DLFCN_H 1
| #ifdef __cplusplus
| extern "C" void exit (int);
| #endif
| #define STDC_HEADERS 1
| #define HAVE_DIRENT_H 1
| #define HAVE_SYS_WAIT_H 1
| #define RETSIGTYPE void
| #define HAVE_VSNPRINTF 1
| #define HAVE_SNPRINTF 1
| #define HAVE_BASENAME 1
| /* end confdefs.h.  */
| /* Define blumfrub to an innocuous variant, in case <limits.h> declares blumfrub.
|    For example, HP-UX 11i <limits.h> declares gettimeofday.  */
| #define blumfrub innocuous_blumfrub
| 
| /* System header to define __stub macros and hopefully few prototypes,
|     which can conflict with char blumfrub (); below.
|     Prefer <limits.h> to <assert.h> if __STDC__ is defined, since
|     <limits.h> exists even on freestanding compilers.  */
| 
| #ifdef __STDC__
| # include <limits.h>
| #else
| # include <assert.h>
| #endif
| 
| #undef blumfrub
| 
| /* Override any gcc2 internal prototype to avoid an error.  */
| #ifdef __cplusplus
| extern "C"
| {
| #endif
| /* We use char because int might match the return type of a gcc2
|    builtin and then its argument prototype would still apply.  */
| char blumfrub ();
| /* The GNU C library defines this for functions which it implements
|     to always fail with ENOSYS.  Some functions are actually named
|     something starting with __ and the normal name is an alias.  */
| #if defined (__stub_blumfrub) || defined (__stub___blumfrub)
| choke me
| #else
| char (*f) () = blumfrub;
| #endif
| #ifdef __cplusplus
| }
| #endif
| 
| int
| main ()
| {
| return f != blumfrub;
|   ;
|   return 0;
| }
configure:20503: result: no
configure:20517: checking for buckets_of_erogenous_nym
configure:20574: gcc -o conftest -g -O2   conftest.c  >&5
Undefined symbols for architecture x86_64:
  "_buckets_of_erogenous_nym", referenced from:
      _main in ccLCboAE.o
      _f in ccLCboAE.o
ld: symbol(s) not found for architecture x86_64
collect2: ld returned 1 exit status
configure:20580: $? = 1
configure: failed program was:
| /* confdefs.h.  */
| 
| #define PACKAGE_NAME ""
| #define PACKAGE_TARNAME ""
| #define PACKAGE_VERSION ""
| #define PACKAGE_STRING ""
| #define PACKAGE_BUGREPORT ""
| #define PACKAGE "imlib"
| #define VERSION "1.9.15"
| #define STDC_HEADERS 1
| #define HAVE_SYS_TYPES_H 1
| #define HAVE_SYS_STAT_H 1
| #define HAVE_STDLIB_H 1
| #define HAVE_STRING_H 1
| #define HAVE_MEMORY_H 1
| #define HAVE_STRINGS_H 1
| #define HAVE_INTTYPES_H 1
| #define HAVE_STDINT_H 1
| #define HAVE_UNISTD_H 1
| #define HAVE_DLFCN_H 1
| #ifdef __cplusplus
| extern "C" void exit (int);
| #endif
| #define STDC_HEADERS 1
| #define HAVE_DIRENT_H 1
| #define HAVE_SYS_WAIT_H 1
| #define RETSIGTYPE void
| #define HAVE_VSNPRINTF 1
| #define HAVE_SNPRINTF 1
| #define HAVE_BASENAME 1
| /* end confdefs.h.  */
| /* Define buckets_of_erogenous_nym to an innocuous variant, in case <limits.h> declares buckets_of_erogenous_nym.
|    For example, HP-UX 11i <limits.h> declares gettimeofday.  */
| #define buckets_of_erogenous_nym innocuous_buckets_of_erogenous_nym
| 
| /* System header to define __stub macros and hopefully few prototypes,
|     which can conflict with char buckets_of_erogenous_nym (); below.
|     Prefer <limits.h> to <assert.h> if __STDC__ is defined, since
|     <limits.h> exists even on freestanding compilers.  */
| 
| #ifdef __STDC__
| # include <limits.h>
| #else
| # include <assert.h>
| #endif
| 
| #undef buckets_of_erogenous_nym
| 
| /* Override any gcc2 internal prototype to avoid an error.  */
| #ifdef __cplusplus
| extern "C"
| {
| #endif
| /* We use char because int might match the return type of a gcc2
|    builtin and then its argument prototype would still apply.  */
| char buckets_of_erogenous_nym ();
| /* The GNU C library defines this for functions which it implements
|     to always fail with ENOSYS.  Some functions are actually named
|     something starting with __ and the normal name is an alias.  */
| #if defined (__stub_buckets_of_erogenous_nym) || defined (__stub___buckets_of_erogenous_nym)
| choke me
| #else
| char (*f) () = buckets_of_erogenous_nym;
| #endif
| #ifdef __cplusplus
| }
| #endif
| 
| int
| main ()
| {
| return f != buckets_of_erogenous_nym;
|   ;
|   return 0;
| }
configure:20604: result: no
configure:20618: checking for buttox
configure:20675: gcc -o conftest -g -O2   conftest.c  >&5
Undefined symbols for architecture x86_64:
  "_buttox", referenced from:
      _main in ccim0Diz.o
      _f in ccim0Diz.o
ld: symbol(s) not found for architecture x86_64
collect2: ld returned 1 exit status
configure:20681: $? = 1
configure: failed program was:
| /* confdefs.h.  */
| 
| #define PACKAGE_NAME ""
| #define PACKAGE_TARNAME ""
| #define PACKAGE_VERSION ""
| #define PACKAGE_STRING ""
| #define PACKAGE_BUGREPORT ""
| #define PACKAGE "imlib"
| #define VERSION "1.9.15"
| #define STDC_HEADERS 1
| #define HAVE_SYS_TYPES_H 1
| #define HAVE_SYS_STAT_H 1
| #define HAVE_STDLIB_H 1
| #define HAVE_STRING_H 1
| #define HAVE_MEMORY_H 1
| #define HAVE_STRINGS_H 1
| #define HAVE_INTTYPES_H 1
| #define HAVE_STDINT_H 1
| #define HAVE_UNISTD_H 1
| #define HAVE_DLFCN_H 1
| #ifdef __cplusplus
| extern "C" void exit (int);
| #endif
| #define STDC_HEADERS 1
| #define HAVE_DIRENT_H 1
| #define HAVE_SYS_WAIT_H 1
| #define RETSIGTYPE void
| #define HAVE_VSNPRINTF 1
| #define HAVE_SNPRINTF 1
| #define HAVE_BASENAME 1
| /* end confdefs.h.  */
| /* Define buttox to an innocuous variant, in case <limits.h> declares buttox.
|    For example, HP-UX 11i <limits.h> declares gettimeofday.  */
| #define buttox innocuous_buttox
| 
| /* System header to define __stub macros and hopefully few prototypes,
|     which can conflict with char buttox (); below.
|     Prefer <limits.h> to <assert.h> if __STDC__ is defined, since
|     <limits.h> exists even on freestanding compilers.  */
| 
| #ifdef __STDC__
| # include <limits.h>
| #else
| # include <assert.h>
| #endif
| 
| #undef buttox
| 
| /* Override any gcc2 internal prototype to avoid an error.  */
| #ifdef __cplusplus
| extern "C"
| {
| #endif
| /* We use char because int might match the return type of a gcc2
|    builtin and then its argument prototype would still apply.  */
| char buttox ();
| /* The GNU C library defines this for functions which it implements
|     to always fail with ENOSYS.  Some functions are actually named
|     something starting with __ and the normal name is an alias.  */
| #if defined (__stub_buttox) || defined (__stub___buttox)
| choke me
| #else
| char (*f) () = buttox;
| #endif
| #ifdef __cplusplus
| }
| #endif
| 
| int
| main ()
| {
| return f != buttox;
|   ;
|   return 0;
| }
configure:20705: result: no
configure:20726: checking stdarg.h usability
configure:20738: gcc -c -g -O2  conftest.c >&5
configure:20744: $? = 0
configure:20747: test -z 			 || test ! -s conftest.err
configure:20750: $? = 0
configure:20753: test -s conftest.o
configure:20756: $? = 0
configure:20766: result: yes
configure:20770: checking stdarg.h presence
configure:20780: gcc -E  conftest.c
configure:20786: $? = 0
configure:20806: result: yes
configure:20841: checking for stdarg.h
configure:20848: result: yes
configure:20863: checking for string.h
configure:20868: result: yes
configure:21001: checking for strings.h
configure:21006: result: yes
configure:21139: checking for X
configure:21245: gcc -E  conftest.c
configure:21251: $? = 0
configure:21301: gcc -o conftest -g -O2   conftest.c -lXt  >&5
configure:21307: $? = 0
configure:21310: test -z 			 || test ! -s conftest.err
configure:21313: $? = 0
configure:21316: test -s conftest
configure:21319: $? = 0
configure:21373: result: libraries , headers /usr/local/include
configure:21784: gcc -o conftest -g -O2   conftest.c   -lX11 >&5
configure:21790: $? = 0
configure:21793: test -z 			 || test ! -s conftest.err
configure:21796: $? = 0
configure:21799: test -s conftest
configure:21802: $? = 0
configure:21958: checking for gethostbyname
configure:22015: gcc -o conftest -g -O2   conftest.c  >&5
configure:22021: $? = 0
configure:22024: test -z 			 || test ! -s conftest.err
configure:22027: $? = 0
configure:22030: test -s conftest
configure:22033: $? = 0
configure:22045: result: yes
configure:22194: checking for connect
configure:22251: gcc -o conftest -g -O2   conftest.c  >&5
configure:22257: $? = 0
configure:22260: test -z 			 || test ! -s conftest.err
configure:22263: $? = 0
configure:22266: test -s conftest
configure:22269: $? = 0
configure:22281: result: yes
configure:22355: checking for remove
configure:22412: gcc -o conftest -g -O2   conftest.c  >&5
configure:22418: $? = 0
configure:22421: test -z 			 || test ! -s conftest.err
configure:22424: $? = 0
configure:22427: test -s conftest
configure:22430: $? = 0
configure:22442: result: yes
configure:22516: checking for shmat
configure:22573: gcc -o conftest -g -O2   conftest.c  >&5
configure:22579: $? = 0
configure:22582: test -z 			 || test ! -s conftest.err
configure:22585: $? = 0
configure:22588: test -s conftest
configure:22591: $? = 0
configure:22603: result: yes
configure:22686: checking for IceConnectionNumber in -lICE
configure:22716: gcc -o conftest -g -O2   conftest.c -lICE   >&5
configure:22722: $? = 0
configure:22725: test -z 			 || test ! -s conftest.err
configure:22728: $? = 0
configure:22731: test -s conftest
configure:22734: $? = 0
configure:22747: result: yes
configure:22764: checking for XShmAttach in -lXext
configure:22794: gcc -o conftest -g -O2   conftest.c -lXext   >&5
configure:22800: $? = 0
configure:22803: test -z 			 || test ! -s conftest.err
configure:22806: $? = 0
configure:22809: test -s conftest
configure:22812: $? = 0
configure:22825: result: yes
configure:22930: checking sys/ipc.h usability
configure:22942: gcc -c -g -O2   -I/usr/local/include -I${prefix}/include -INONE/include conftest.c >&5
configure:22948: $? = 0
configure:22951: test -z 			 || test ! -s conftest.err
configure:22954: $? = 0
configure:22957: test -s conftest.o
configure:22960: $? = 0
configure:22970: result: yes
configure:22974: checking sys/ipc.h presence
configure:22984: gcc -E   -I/usr/local/include -I${prefix}/include -INONE/include conftest.c
configure:22990: $? = 0
configure:23010: result: yes
configure:23045: checking for sys/ipc.h
configure:23052: result: yes
configure:23077: checking sys/shm.h usability
configure:23089: gcc -c -g -O2   -I/usr/local/include -I${prefix}/include -INONE/include conftest.c >&5
configure:23095: $? = 0
configure:23098: test -z 			 || test ! -s conftest.err
configure:23101: $? = 0
configure:23104: test -s conftest.o
configure:23107: $? = 0
configure:23117: result: yes
configure:23121: checking sys/shm.h presence
configure:23131: gcc -E   -I/usr/local/include -I${prefix}/include -INONE/include conftest.c
configure:23137: $? = 0
configure:23157: result: yes
configure:23192: checking for sys/shm.h
configure:23199: result: yes
configure:23227: checking whether shmctl IPC_RMID allowes subsequent attaches
configure:23264: gcc -o conftest -g -O2   -I/usr/local/include -I${prefix}/include -INONE/include  conftest.c  >&5
conftest.c: In function 'main':
conftest.c:46: warning: incompatible implicit declaration of built-in function 'exit'
configure:23267: $? = 0
configure:23269: ./conftest
configure:23272: $? = 1
configure: program exited with status 1
configure: failed program was:
| /* confdefs.h.  */
| 
| #define PACKAGE_NAME ""
| #define PACKAGE_TARNAME ""
| #define PACKAGE_VERSION ""
| #define PACKAGE_STRING ""
| #define PACKAGE_BUGREPORT ""
| #define PACKAGE "imlib"
| #define VERSION "1.9.15"
| #define STDC_HEADERS 1
| #define HAVE_SYS_TYPES_H 1
| #define HAVE_SYS_STAT_H 1
| #define HAVE_STDLIB_H 1
| #define HAVE_STRING_H 1
| #define HAVE_MEMORY_H 1
| #define HAVE_STRINGS_H 1
| #define HAVE_INTTYPES_H 1
| #define HAVE_STDINT_H 1
| #define HAVE_UNISTD_H 1
| #define HAVE_DLFCN_H 1
| #ifdef __cplusplus
| extern "C" void exit (int);
| #endif
| #define STDC_HEADERS 1
| #define HAVE_DIRENT_H 1
| #define HAVE_SYS_WAIT_H 1
| #define RETSIGTYPE void
| #define HAVE_VSNPRINTF 1
| #define HAVE_SNPRINTF 1
| #define HAVE_BASENAME 1
| #define HAVE_STDARGS 1
| #define HAVE_IPC_H 1
| #define HAVE_SHM_H 1
| #define HAVE_SHM 1
| /* end confdefs.h.  */
| 
|           #include <sys/types.h>
|           #include <sys/ipc.h>
|           #include <sys/shm.h>
|           int main()
|           {
|             int id;
|             char *shmaddr;
|           id = shmget (IPC_PRIVATE, 4, IPC_CREAT | 0777);
|           if (id == -1)
|             exit (2);
|             shmaddr = shmat (id, 0, 0);
|             shmctl (id, IPC_RMID, 0);
|             if ((char*) shmat (id, 0, 0) == (char*) -1)
|             {
|               shmdt (shmaddr);
|               exit (1);
|             }
|             shmdt (shmaddr);
|             shmdt (shmaddr);
|             exit (0);
|           }
| 
configure:23287: result: no
configure:23295: checking X11/extensions/XShm.h
configure:23304: result: yes
configure:23319: checking for jpeg_destroy_decompress in -ljpeg
configure:23349: gcc -o conftest -g -O2   -I/usr/local/include -I${prefix}/include -INONE/include  conftest.c -ljpeg  -lSM -lICE -lXext  -lX11 -lm  >&5
configure:23355: $? = 0
configure:23358: test -z 			 || test ! -s conftest.err
configure:23361: $? = 0
configure:23364: test -s conftest
configure:23367: $? = 0
configure:23380: result: yes
configure:23392: checking for jpeglib.h
configure:23405: gcc -E   -I/usr/local/include -I${prefix}/include -INONE/include conftest.c
configure:23411: $? = 0
configure:23431: result: yes
configure:23447: checking for TIFFReadScanline in -ltiff
configure:23477: gcc -o conftest -g -O2   -I/usr/local/include -I${prefix}/include -INONE/include  conftest.c -ltiff  -lSM -lICE -lXext  -lX11 -lm  >&5
configure:23483: $? = 0
configure:23486: test -z 			 || test ! -s conftest.err
configure:23489: $? = 0
configure:23492: test -s conftest
configure:23495: $? = 0
configure:23508: result: yes
configure:23521: checking tiffio.h usability
configure:23533: gcc -c -g -O2   -I/usr/local/include -I${prefix}/include -INONE/include conftest.c >&5
configure:23539: $? = 0
configure:23542: test -z 			 || test ! -s conftest.err
configure:23545: $? = 0
configure:23548: test -s conftest.o
configure:23551: $? = 0
configure:23561: result: yes
configure:23565: checking tiffio.h presence
configure:23575: gcc -E   -I/usr/local/include -I${prefix}/include -INONE/include conftest.c
configure:23581: $? = 0
configure:23601: result: yes
configure:23636: checking for tiffio.h
configure:23643: result: yes
configure:24113: checking gif_lib.h usability
configure:24125: gcc -c -g -O2   -I/usr/local/include -I${prefix}/include -INONE/include conftest.c >&5
configure:24131: $? = 0
configure:24134: test -z 			 || test ! -s conftest.err
configure:24137: $? = 0
configure:24140: test -s conftest.o
configure:24143: $? = 0
configure:24153: result: yes
configure:24157: checking gif_lib.h presence
configure:24167: gcc -E   -I/usr/local/include -I${prefix}/include -INONE/include conftest.c
configure:24173: $? = 0
configure:24193: result: yes
configure:24228: checking for gif_lib.h
configure:24235: result: yes
configure:24240: checking for DGifOpenFileName in -lungif
configure:24270: gcc -o conftest -g -O2   -I/usr/local/include -I${prefix}/include -INONE/include  conftest.c -lungif  -lSM -lICE -lXext  -lX11 -lm  >&5
ld: library not found for -lungif
collect2: ld returned 1 exit status
configure:24276: $? = 1
configure: failed program was:
| /* confdefs.h.  */
| 
| #define PACKAGE_NAME ""
| #define PACKAGE_TARNAME ""
| #define PACKAGE_VERSION ""
| #define PACKAGE_STRING ""
| #define PACKAGE_BUGREPORT ""
| #define PACKAGE "imlib"
| #define VERSION "1.9.15"
| #define STDC_HEADERS 1
| #define HAVE_SYS_TYPES_H 1
| #define HAVE_SYS_STAT_H 1
| #define HAVE_STDLIB_H 1
| #define HAVE_STRING_H 1
| #define HAVE_MEMORY_H 1
| #define HAVE_STRINGS_H 1
| #define HAVE_INTTYPES_H 1
| #define HAVE_STDINT_H 1
| #define HAVE_UNISTD_H 1
| #define HAVE_DLFCN_H 1
| #ifdef __cplusplus
| extern "C" void exit (int);
| #endif
| #define STDC_HEADERS 1
| #define HAVE_DIRENT_H 1
| #define HAVE_SYS_WAIT_H 1
| #define RETSIGTYPE void
| #define HAVE_VSNPRINTF 1
| #define HAVE_SNPRINTF 1
| #define HAVE_BASENAME 1
| #define HAVE_STDARGS 1
| #define HAVE_IPC_H 1
| #define HAVE_SHM_H 1
| #define HAVE_SHM 1
| #define HAVE_XSHM_H 1
| #define HAVE_LIBJPEG 1
| #define HAVE_LIBTIFF 1
| /* end confdefs.h.  */
| 
| /* Override any gcc2 internal prototype to avoid an error.  */
| #ifdef __cplusplus
| extern "C"
| #endif
| /* We use char because int might match the return type of a gcc2
|    builtin and then its argument prototype would still apply.  */
| char DGifOpenFileName ();
| int
| main ()
| {
| DGifOpenFileName ();
|   ;
|   return 0;
| }
configure:24301: result: no
configure:24311: checking for DGifOpenFileName in -lgif
configure:24341: gcc -o conftest -g -O2   -I/usr/local/include -I${prefix}/include -INONE/include  conftest.c -lgif  -lSM -lICE -lXext  -lX11 -lm  >&5
configure:24347: $? = 0
configure:24350: test -z 			 || test ! -s conftest.err
configure:24353: $? = 0
configure:24356: test -s conftest
configure:24359: $? = 0
configure:24372: result: yes
configure:24398: checking for png_read_info in -lpng
configure:24428: gcc -o conftest -g -O2   -I/usr/local/include -I${prefix}/include -INONE/include  conftest.c -lpng -lz -lm  -lSM -lICE -lXext  -lX11 -lm  >&5
configure:24434: $? = 0
configure:24437: test -z 			 || test ! -s conftest.err
configure:24440: $? = 0
configure:24443: test -s conftest
configure:24446: $? = 0
configure:24459: result: yes
configure:24472: checking png.h usability
configure:24484: gcc -c -g -O2   -I/usr/local/include -I${prefix}/include -INONE/include conftest.c >&5
configure:24490: $? = 0
configure:24493: test -z 			 || test ! -s conftest.err
configure:24496: $? = 0
configure:24499: test -s conftest.o
configure:24502: $? = 0
configure:24512: result: yes
configure:24516: checking png.h presence
configure:24526: gcc -E   -I/usr/local/include -I${prefix}/include -INONE/include conftest.c
configure:24532: $? = 0
configure:24552: result: yes
configure:24587: checking for png.h
configure:24594: result: yes
configure:24612: checking for png_structp in png.h
configure:24631: gcc -c -g -O2   -I/usr/local/include -I${prefix}/include -INONE/include conftest.c >&5
configure:24637: $? = 0
configure:24640: test -z 			 || test ! -s conftest.err
configure:24643: $? = 0
configure:24646: test -s conftest.o
configure:24649: $? = 0
configure:24659: result: yes
configure:24904: creating ./config.status

## ---------------------- ##
## Running config.status. ##
## ---------------------- ##

This file was extended by config.status, which was
generated by GNU Autoconf 2.59.  Invocation command line was

  CONFIG_FILES    = 
  CONFIG_HEADERS  = 
  CONFIG_LINKS    = 
  CONFIG_COMMANDS = 
  $ ./config.status 

on pc630177.i.ttck.keio.ac.jp

config.status:791: creating imlib.spec
config.status:791: creating gdk_imlib/Makefile
config.status:791: creating Imlib/Makefile
config.status:791: creating utils/Makefile
config.status:791: creating config/Makefile
config.status:791: creating doc/Makefile
config.status:791: creating Makefile
config.status:791: creating imlib-config
config.status:791: creating imlib.pc
config.status:791: creating imlibgdk.pc
config.status:857: creating config.h
config.status:1177: executing depfiles commands
config.status:1177: executing default commands

## ---------------- ##
## Cache variables. ##
## ---------------- ##

ac_cv_build=i686-apple-darwin12.2.0
ac_cv_build_alias=i686-apple-darwin12.2.0
ac_cv_c_compiler_gnu=yes
ac_cv_cxx_compiler_gnu=yes
ac_cv_env_CC_set=
ac_cv_env_CC_value=
ac_cv_env_CFLAGS_set=
ac_cv_env_CFLAGS_value=
ac_cv_env_CPPFLAGS_set=
ac_cv_env_CPPFLAGS_value=
ac_cv_env_CPP_set=
ac_cv_env_CPP_value=
ac_cv_env_CXXCPP_set=
ac_cv_env_CXXCPP_value=
ac_cv_env_CXXFLAGS_set=
ac_cv_env_CXXFLAGS_value=
ac_cv_env_CXX_set=
ac_cv_env_CXX_value=
ac_cv_env_F77_set=
ac_cv_env_F77_value=
ac_cv_env_FFLAGS_set=
ac_cv_env_FFLAGS_value=
ac_cv_env_LDFLAGS_set=
ac_cv_env_LDFLAGS_value=
ac_cv_env_build_alias_set=
ac_cv_env_build_alias_value=
ac_cv_env_host_alias_set=
ac_cv_env_host_alias_value=
ac_cv_env_target_alias_set=
ac_cv_env_target_alias_value=
ac_cv_exeext=
ac_cv_f77_compiler_gnu=yes
ac_cv_func_basename=yes
ac_cv_func_blumfrub=no
ac_cv_func_buckets_of_erogenous_nym=no
ac_cv_func_buttox=no
ac_cv_func_connect=yes
ac_cv_func_gethostbyname=yes
ac_cv_func_remove=yes
ac_cv_func_shmat=yes
ac_cv_func_snprintf=yes
ac_cv_func_vsnprintf=yes
ac_cv_have_x='have_x=yes 		ac_x_includes=/usr/local/include ac_x_libraries='
ac_cv_header_dirent_dirent_h=yes
ac_cv_header_dlfcn_h=yes
ac_cv_header_gif_lib_h=yes
ac_cv_header_inttypes_h=yes
ac_cv_header_memory_h=yes
ac_cv_header_png_h=yes
ac_cv_header_stdarg_h=yes
ac_cv_header_stdc=yes
ac_cv_header_stdint_h=yes
ac_cv_header_stdlib_h=yes
ac_cv_header_string_h=yes
ac_cv_header_strings_h=yes
ac_cv_header_sys_ipc_h=yes
ac_cv_header_sys_shm_h=yes
ac_cv_header_sys_stat_h=yes
ac_cv_header_sys_types_h=yes
ac_cv_header_sys_wait_h=yes
ac_cv_header_tiffio_h=yes
ac_cv_header_unistd_h=yes
ac_cv_host=i686-apple-darwin12.2.0
ac_cv_host_alias=i686-apple-darwin12.2.0
ac_cv_lib_ICE_IceConnectionNumber=yes
ac_cv_lib_Xext_XShmAttach=yes
ac_cv_lib_gif_DGifOpenFileName=yes
ac_cv_lib_jpeg_jpeg_destroy_decompress=yes
ac_cv_lib_png_png_read_info=yes
ac_cv_lib_tiff_TIFFReadScanline=yes
ac_cv_lib_ungif_DGifOpenFileName=no
ac_cv_objext=o
ac_cv_path_GTK_CONFIG=no
ac_cv_path_install='/usr/bin/install -c'
ac_cv_prog_AWK=awk
ac_cv_prog_CPP='gcc -E'
ac_cv_prog_CXXCPP='g++ -E'
ac_cv_prog_ac_ct_AR=ar
ac_cv_prog_ac_ct_CC=gcc
ac_cv_prog_ac_ct_CXX=g++
ac_cv_prog_ac_ct_F77=gfortran
ac_cv_prog_ac_ct_RANLIB=ranlib
ac_cv_prog_ac_ct_STRIP=strip
ac_cv_prog_cc_g=yes
ac_cv_prog_cc_stdc=
ac_cv_prog_cxx_g=yes
ac_cv_prog_egrep='grep -E'
ac_cv_prog_f77_g=yes
ac_cv_prog_make_make_set=yes
ac_cv_search_opendir='none required'
ac_cv_type_signal=void
am_cv_CC_dependencies_compiler_type=gcc3
am_cv_CXX_dependencies_compiler_type=gcc3
lt_cv_deplibs_check_method=pass_all
lt_cv_file_magic_cmd='$MAGIC_CMD'
lt_cv_file_magic_test_file=
lt_cv_ld_reload_flag=-r
lt_cv_objdir=.libs
lt_cv_path_LD=/usr/llvm-gcc-4.2/libexec/gcc/i686-apple-darwin11/4.2.1/ld
lt_cv_path_LDCXX=/usr/llvm-gcc-4.2/libexec/gcc/i686-apple-darwin11/4.2.1/ld
lt_cv_path_NM=/usr/bin/nm
lt_cv_path_SED=/usr/bin/sed
lt_cv_prog_compiler_c_o=yes
lt_cv_prog_compiler_c_o_CXX=yes
lt_cv_prog_compiler_c_o_F77=yes
lt_cv_prog_compiler_rtti_exceptions=no
lt_cv_prog_gnu_ld=no
lt_cv_prog_gnu_ldcxx=no
lt_cv_sys_global_symbol_pipe='sed -n -e '\''s/^.*[ 	]\([BCDEGRST][BCDEGRST]*\)[ 	][ 	]*\(_\)\([_A-Za-z][_A-Za-z0-9]*\)$/\1 \2\3 \3/p'\'''
lt_cv_sys_global_symbol_to_c_name_address='sed -n -e '\''s/^: \([^ ]*\) $/  {\"\1\", (lt_ptr) 0},/p'\'' -e '\''s/^[BCDEGRST] \([^ ]*\) \([^ ]*\)$/  {"\2", (lt_ptr) \&\2},/p'\'''
lt_cv_sys_global_symbol_to_cdecl='sed -n -e '\''s/^. .* \(.*\)$/extern int \1;/p'\'''
lt_cv_sys_max_cmd_len=65536
lt_lt_cv_prog_compiler_c_o='"yes"'
lt_lt_cv_prog_compiler_c_o_CXX='"yes"'
lt_lt_cv_prog_compiler_c_o_F77='"yes"'
lt_lt_cv_sys_global_symbol_pipe='"sed -n -e '\''s/^.*[ 	]\\([BCDEGRST][BCDEGRST]*\\)[ 	][ 	]*\\(_\\)\\([_A-Za-z][_A-Za-z0-9]*\\)\$/\\1 \\2\\3 \\3/p'\''"'
lt_lt_cv_sys_global_symbol_to_c_name_address='"sed -n -e '\''s/^: \\([^ ]*\\) \$/  {\\\"\\1\\\", (lt_ptr) 0},/p'\'' -e '\''s/^[BCDEGRST] \\([^ ]*\\) \\([^ ]*\\)\$/  {\"\\2\", (lt_ptr) \\&\\2},/p'\''"'
lt_lt_cv_sys_global_symbol_to_cdecl='"sed -n -e '\''s/^. .* \\(.*\\)\$/extern int \\1;/p'\''"'

## ----------------- ##
## Output variables. ##
## ----------------- ##

ACLOCAL='${SHELL} /Users/kotone/.tools/imlib-1.9.15/missing --run aclocal-1.7'
AMDEPBACKSLASH='\'
AMDEP_FALSE='#'
AMDEP_TRUE=''
AMTAR='${SHELL} /Users/kotone/.tools/imlib-1.9.15/missing --run tar'
AR='ar'
AUTOCONF='${SHELL} /Users/kotone/.tools/imlib-1.9.15/missing --run autoconf'
AUTOHEADER='${SHELL} /Users/kotone/.tools/imlib-1.9.15/missing --run autoheader'
AUTOMAKE='${SHELL} /Users/kotone/.tools/imlib-1.9.15/missing --run automake-1.7'
AWK='awk'
CC='gcc'
CCDEPMODE='depmode=gcc3'
CFLAGS='-g -O2'
CPP='gcc -E'
CPPFLAGS='  -I/usr/local/include -I${prefix}/include -INONE/include'
CXX='g++'
CXXCPP='g++ -E'
CXXDEPMODE='depmode=gcc3'
CXXFLAGS='-g -O2'
CYGPATH_W='echo'
DEFS='-DHAVE_CONFIG_H'
DEPDIR='.deps'
DYNAMIC_MODULES_WORK_FALSE=''
DYNAMIC_MODULES_WORK_TRUE='#'
ECHO='/bin/echo'
ECHO_C='ECHO_N=''
ECHO_T=''
EGREP='grep -E'
EXEEXT=''
F77='gfortran'
FFLAGS='-g -O2'
GDK_IMLIB=''
GDK_SUPPORT_LIBS=' -ljpeg -ltiff -lgif -lpng -lz -lm'
GIFLIBS=''
GMODULE_FLAGS=''
GMODULE_LIBS=''
GTK_CFLAGS=''
GTK_CONFIG='no'
GTK_LIBS=''
GX_LIBS=' -lSM -lICE -lXext  -lX11 -lm'
HAVE_GIF_FALSE=''
HAVE_GIF_TRUE='#'
HAVE_JPEG_FALSE=''
HAVE_JPEG_TRUE='#'
HAVE_LIBPNG=''
HAVE_PNG_FALSE=''
HAVE_PNG_TRUE='#'
HAVE_TIFF_FALSE=''
HAVE_TIFF_TRUE='#'
INSTALL_DATA='${INSTALL} -m 644'
INSTALL_PROGRAM='${INSTALL}'
INSTALL_SCRIPT='${INSTALL}'
INSTALL_STRIP_PROGRAM='${SHELL} $(install_sh) -c -s'
JPEGLIBS=''
LDFLAGS=''
LIBOBJS=''
LIBS=''
LIBTOOL='$(SHELL) $(top_builddir)/libtool'
LN_S='ln -s'
LTLIBOBJS=''
MAINT='#'
MAINTAINER_MODE_FALSE=''
MAINTAINER_MODE_TRUE='#'
MAKEINFO='${SHELL} /Users/kotone/.tools/imlib-1.9.15/missing --run makeinfo'
OBJEXT='o'
PACKAGE='imlib'
PACKAGE_BUGREPORT=''
PACKAGE_NAME=''
PACKAGE_STRING=''
PACKAGE_TARNAME=''
PACKAGE_VERSION=''
PATH_SEPARATOR=':'
PNGLIBS=''
RANLIB='ranlib'
SET_MAKE=''
SHELL='/bin/sh'
STRIP='strip'
SUPPORT_LIBS=' -ljpeg -ltiff -lgif -lpng -lz -lm'
TIFFLIBS=''
VERSION='1.9.15'
X_CFLAGS=' -I/usr/local/include'
X_EXTRA_LIBS=''
X_LIBS='-lXext '
X_PRE_LIBS=' -lSM -lICE'
ac_ct_AR='ar'
ac_ct_CC='gcc'
ac_ct_CXX='g++'
ac_ct_F77='gfortran'
ac_ct_RANLIB='ranlib'
ac_ct_STRIP='strip'
am__fastdepCC_FALSE='#'
am__fastdepCC_TRUE=''
am__fastdepCXX_FALSE='#'
am__fastdepCXX_TRUE=''
am__include='include'
am__leading_dot='.'
am__quote=''
bindir='${exec_prefix}/bin'
build='i686-apple-darwin12.2.0'
build_alias=''
build_cpu='i686'
build_os='darwin12.2.0'
build_vendor='apple'
datadir='${prefix}/share'
exec_prefix='${prefix}'
host='i686-apple-darwin12.2.0'
host_alias=''
host_cpu='i686'
host_os='darwin12.2.0'
host_vendor='apple'
includedir='${prefix}/include'
infodir='${prefix}/info'
install_sh='/Users/kotone/.tools/imlib-1.9.15/install-sh'
libdir='${exec_prefix}/lib'
libexecdir='${exec_prefix}/libexec'
localstatedir='${prefix}/var'
mandir='${prefix}/man'
oldincludedir='/usr/include'
prefix='/usr/local'
program_transform_name='s,x,x,'
sbindir='${exec_prefix}/sbin'
sharedstatedir='${prefix}/com'
sysconfdir='${prefix}/etc'
target_alias=''

## ----------- ##
## confdefs.h. ##
## ----------- ##

#define HAVE_BASENAME 1
#define HAVE_DIRENT_H 1
#define HAVE_DLFCN_H 1
#define HAVE_INTTYPES_H 1
#define HAVE_IPC_H 1
#define HAVE_LIBGIF 1
#define HAVE_LIBJPEG 1
#define HAVE_LIBPNG 1
#define HAVE_LIBTIFF 1
#define HAVE_MEMORY_H 1
#define HAVE_SHM 1
#define HAVE_SHM_H 1
#define HAVE_SNPRINTF 1
#define HAVE_STDARGS 1
#define HAVE_STDINT_H 1
#define HAVE_STDLIB_H 1
#define HAVE_STRINGS_H 1
#define HAVE_STRING_H 1
#define HAVE_SYS_STAT_H 1
#define HAVE_SYS_TYPES_H 1
#define HAVE_SYS_WAIT_H 1
#define HAVE_UNISTD_H 1
#define HAVE_VSNPRINTF 1
#define HAVE_XSHM_H 1
#define PACKAGE "imlib"
#define PACKAGE_BUGREPORT ""
#define PACKAGE_NAME ""
#define PACKAGE_STRING ""
#define PACKAGE_TARNAME ""
#define PACKAGE_VERSION ""
#define RETSIGTYPE void
#define STDC_HEADERS 1
#define STDC_HEADERS 1
#define VERSION "1.9.15"
#endif
#ifdef __cplusplus
extern "C" void exit (int);

configure: exit 0
